2026-01-09 13:37:26,839 - StockPrediction - INFO - 
============================================================
2026-01-09 13:37:26,840 - StockPrediction - INFO - INÍCIO DO PIPELINE DE PREVISÃO
2026-01-09 13:37:26,840 - StockPrediction - INFO - ============================================================
2026-01-09 13:37:27,613 - StockPrediction - INFO - Dispositivo: cuda
2026-01-09 13:37:27,614 - StockPrediction - INFO - 
============================================================
2026-01-09 13:37:27,614 - StockPrediction - INFO - 1. COLETA DE DADOS
2026-01-09 13:37:27,614 - StockPrediction - INFO - ============================================================
2026-01-09 13:37:28,546 - StockPrediction - INFO - Símbolo: PETR4.SA
2026-01-09 13:37:28,549 - StockPrediction - INFO - Período: 2018-01-02 a 2025-12-30
2026-01-09 13:37:28,549 - StockPrediction - INFO - Total de dias: 1988
2026-01-09 13:37:28,550 - StockPrediction - INFO - Preço inicial: R$ 4.41
2026-01-09 13:37:28,550 - StockPrediction - INFO - Preço final: R$ 30.82
2026-01-09 13:37:28,550 - StockPrediction - INFO - Variação: 598.76%
2026-01-09 13:37:28,550 - StockPrediction - INFO - 
============================================================
2026-01-09 13:37:28,550 - StockPrediction - INFO - 2. PRÉ-PROCESSAMENTO
2026-01-09 13:37:28,550 - StockPrediction - INFO - ============================================================
2026-01-09 13:37:28,554 - StockPrediction - INFO - Sequências criadas: 1928
2026-01-09 13:37:28,555 - StockPrediction - INFO - Comprimento da sequência: 60 dias
2026-01-09 13:37:28,555 - StockPrediction - INFO - Formato de X: (1928, 60, 1)
2026-01-09 13:37:28,555 - StockPrediction - INFO - Formato de y: (1928, 1)
2026-01-09 13:37:28,555 - StockPrediction - INFO - Dados normalizados - Média: 0.3838, Desvio padrão: 0.3188
2026-01-09 13:37:28,555 - StockPrediction - INFO - 
============================================================
2026-01-09 13:37:28,556 - StockPrediction - INFO - 3. DIVISÃO DOS DADOS
2026-01-09 13:37:28,556 - StockPrediction - INFO - ============================================================
2026-01-09 13:37:28,556 - StockPrediction - INFO - TRAIN     : 1542 amostras (80.0%)
2026-01-09 13:37:28,557 - StockPrediction - INFO - VAL       :  192 amostras (10.0%)
2026-01-09 13:37:28,557 - StockPrediction - INFO - TEST      :  194 amostras (10.1%)
2026-01-09 13:37:28,560 - StockPrediction - INFO - 
============================================================
2026-01-09 13:37:28,561 - StockPrediction - INFO - 4. TREINAMENTO DO MODELO
2026-01-09 13:37:28,561 - StockPrediction - INFO - ============================================================
2026-01-09 13:37:32,454 - StockPrediction - INFO - Arquitetura: LSTM
2026-01-09 13:37:32,454 - StockPrediction - INFO - Tamanho da camada oculta: 50
2026-01-09 13:37:32,455 - StockPrediction - INFO - Número de camadas: 2
2026-01-09 13:37:32,455 - StockPrediction - INFO - Parâmetros totais: 31,051
2026-01-09 13:37:32,455 - StockPrediction - INFO - Parâmetros treináveis: 31,051
2026-01-09 13:37:34,979 - StockPrediction - INFO - Iniciando treinamento...
2026-01-09 13:37:34,979 - StockPrediction - INFO - Épocas: 100, Paciência: 15, Batch Size: 32, Learning Rate: 0.001
