2026-01-08 23:15:59,136 - StockPrediction - INFO - 
============================================================
2026-01-08 23:15:59,136 - StockPrediction - INFO - INÍCIO DO PIPELINE DE PREVISÃO
2026-01-08 23:15:59,136 - StockPrediction - INFO - ============================================================
2026-01-08 23:15:59,137 - StockPrediction - INFO - Dispositivo: cpu
2026-01-08 23:15:59,137 - StockPrediction - INFO - 
============================================================
2026-01-08 23:15:59,137 - StockPrediction - INFO - 1. COLETA DE DADOS
2026-01-08 23:15:59,138 - StockPrediction - INFO - ============================================================
2026-01-08 23:16:00,137 - StockPrediction - INFO - Símbolo: PETR4.SA
2026-01-08 23:16:00,143 - StockPrediction - INFO - Período: 2018-01-02 a 2025-12-30
2026-01-08 23:16:00,143 - StockPrediction - INFO - Total de dias: 1988
2026-01-08 23:16:00,144 - StockPrediction - INFO - Preço inicial: R$ 4.41
2026-01-08 23:16:00,144 - StockPrediction - INFO - Preço final: R$ 30.82
2026-01-08 23:16:00,144 - StockPrediction - INFO - Variação: 598.76%
2026-01-08 23:16:00,145 - StockPrediction - INFO - 
============================================================
2026-01-08 23:16:00,145 - StockPrediction - INFO - 2. PRÉ-PROCESSAMENTO
2026-01-08 23:16:00,145 - StockPrediction - INFO - ============================================================
2026-01-08 23:16:00,151 - StockPrediction - INFO - Sequências criadas: 1928
2026-01-08 23:16:00,152 - StockPrediction - INFO - Comprimento da sequência: 60 dias
2026-01-08 23:16:00,152 - StockPrediction - INFO - Formato de X: (1928, 60, 1)
2026-01-08 23:16:00,152 - StockPrediction - INFO - Formato de y: (1928, 1)
2026-01-08 23:16:00,153 - StockPrediction - INFO - Dados normalizados - Média: 0.3838, Desvio padrão: 0.3188
2026-01-08 23:16:00,154 - StockPrediction - INFO - 
============================================================
2026-01-08 23:16:00,154 - StockPrediction - INFO - 3. DIVISÃO DOS DADOS
2026-01-08 23:16:00,155 - StockPrediction - INFO - ============================================================
2026-01-08 23:16:00,156 - StockPrediction - INFO - TRAIN     : 1542 amostras (80.0%)
2026-01-08 23:16:00,156 - StockPrediction - INFO - VAL       :  192 amostras (10.0%)
2026-01-08 23:16:00,157 - StockPrediction - INFO - TEST      :  194 amostras (10.1%)
2026-01-08 23:16:00,161 - StockPrediction - INFO - 
============================================================
2026-01-08 23:16:00,161 - StockPrediction - INFO - 4. TREINAMENTO DO MODELO
2026-01-08 23:16:00,161 - StockPrediction - INFO - ============================================================
