2026-01-08 23:25:51,778 - StockPrediction - INFO - 
============================================================
2026-01-08 23:25:51,778 - StockPrediction - INFO - INÍCIO DO PIPELINE DE PREVISÃO
2026-01-08 23:25:51,778 - StockPrediction - INFO - ============================================================
2026-01-08 23:25:52,606 - StockPrediction - INFO - Dispositivo: cuda
2026-01-08 23:25:52,607 - StockPrediction - INFO - 
============================================================
2026-01-08 23:25:52,608 - StockPrediction - INFO - 1. COLETA DE DADOS
2026-01-08 23:25:52,609 - StockPrediction - INFO - ============================================================
2026-01-08 23:25:54,248 - StockPrediction - INFO - Símbolo: PETR4.SA
2026-01-08 23:25:54,249 - StockPrediction - INFO - Período: 2018-01-02 a 2025-12-30
2026-01-08 23:25:54,249 - StockPrediction - INFO - Total de dias: 1988
2026-01-08 23:25:54,250 - StockPrediction - INFO - Preço inicial: R$ 4.41
2026-01-08 23:25:54,250 - StockPrediction - INFO - Preço final: R$ 30.82
2026-01-08 23:25:54,251 - StockPrediction - INFO - Variação: 598.76%
2026-01-08 23:25:54,251 - StockPrediction - INFO - 
============================================================
2026-01-08 23:25:54,252 - StockPrediction - INFO - 2. PRÉ-PROCESSAMENTO
2026-01-08 23:25:54,253 - StockPrediction - INFO - ============================================================
2026-01-08 23:25:54,264 - StockPrediction - INFO - Sequências criadas: 1928
2026-01-08 23:25:54,265 - StockPrediction - INFO - Comprimento da sequência: 60 dias
2026-01-08 23:25:54,265 - StockPrediction - INFO - Formato de X: (1928, 60, 1)
2026-01-08 23:25:54,267 - StockPrediction - INFO - Formato de y: (1928, 1)
2026-01-08 23:25:54,269 - StockPrediction - INFO - Dados normalizados - Média: 0.3838, Desvio padrão: 0.3188
2026-01-08 23:25:54,270 - StockPrediction - INFO - 
============================================================
2026-01-08 23:25:54,270 - StockPrediction - INFO - 3. DIVISÃO DOS DADOS
2026-01-08 23:25:54,270 - StockPrediction - INFO - ============================================================
2026-01-08 23:25:54,271 - StockPrediction - INFO - TRAIN     : 1542 amostras (80.0%)
2026-01-08 23:25:54,271 - StockPrediction - INFO - VAL       :  192 amostras (10.0%)
2026-01-08 23:25:54,272 - StockPrediction - INFO - TEST      :  194 amostras (10.1%)
2026-01-08 23:25:54,281 - StockPrediction - INFO - 
============================================================
2026-01-08 23:25:54,282 - StockPrediction - INFO - 4. TREINAMENTO DO MODELO
2026-01-08 23:25:54,285 - StockPrediction - INFO - ============================================================
