2026-01-09 11:51:45,319 - StockPrediction - INFO - 
============================================================
2026-01-09 11:51:45,320 - StockPrediction - INFO - INÍCIO DO PIPELINE DE PREVISÃO
2026-01-09 11:51:45,320 - StockPrediction - INFO - ============================================================
2026-01-09 11:51:46,093 - StockPrediction - INFO - Dispositivo: cuda
2026-01-09 11:51:46,093 - StockPrediction - INFO - 
============================================================
2026-01-09 11:51:46,094 - StockPrediction - INFO - 1. COLETA DE DADOS
2026-01-09 11:51:46,094 - StockPrediction - INFO - ============================================================
2026-01-09 11:51:47,365 - StockPrediction - INFO - Símbolo: PETR4.SA
2026-01-09 11:51:47,366 - StockPrediction - INFO - Período: 2018-01-02 a 2025-12-30
2026-01-09 11:51:47,367 - StockPrediction - INFO - Total de dias: 1988
2026-01-09 11:51:47,367 - StockPrediction - INFO - Preço inicial: R$ 4.41
2026-01-09 11:51:47,367 - StockPrediction - INFO - Preço final: R$ 30.82
2026-01-09 11:51:47,368 - StockPrediction - INFO - Variação: 598.76%
2026-01-09 11:51:47,368 - StockPrediction - INFO - 
============================================================
2026-01-09 11:51:47,368 - StockPrediction - INFO - 2. PRÉ-PROCESSAMENTO
2026-01-09 11:51:47,368 - StockPrediction - INFO - ============================================================
2026-01-09 11:51:47,375 - StockPrediction - INFO - Sequências criadas: 1928
2026-01-09 11:51:47,375 - StockPrediction - INFO - Comprimento da sequência: 60 dias
2026-01-09 11:51:47,376 - StockPrediction - INFO - Formato de X: (1928, 60, 1)
2026-01-09 11:51:47,376 - StockPrediction - INFO - Formato de y: (1928, 1)
2026-01-09 11:51:47,376 - StockPrediction - INFO - Dados normalizados - Média: 0.3838, Desvio padrão: 0.3188
2026-01-09 11:51:47,377 - StockPrediction - INFO - 
============================================================
2026-01-09 11:51:47,377 - StockPrediction - INFO - 3. DIVISÃO DOS DADOS
2026-01-09 11:51:47,377 - StockPrediction - INFO - ============================================================
2026-01-09 11:51:47,378 - StockPrediction - INFO - TRAIN     : 1542 amostras (80.0%)
2026-01-09 11:51:47,378 - StockPrediction - INFO - VAL       :  192 amostras (10.0%)
2026-01-09 11:51:47,378 - StockPrediction - INFO - TEST      :  194 amostras (10.1%)
2026-01-09 11:51:47,407 - StockPrediction - INFO - 
============================================================
2026-01-09 11:51:47,407 - StockPrediction - INFO - 4. TREINAMENTO DO MODELO
2026-01-09 11:51:47,408 - StockPrediction - INFO - ============================================================
2026-01-09 11:51:52,377 - StockPrediction - INFO - Arquitetura: LSTM
2026-01-09 11:51:52,377 - StockPrediction - INFO - Tamanho da camada oculta: 50
2026-01-09 11:51:52,377 - StockPrediction - INFO - Número de camadas: 2
2026-01-09 11:51:52,377 - StockPrediction - INFO - Parâmetros totais: 31,051
2026-01-09 11:51:52,377 - StockPrediction - INFO - Parâmetros treináveis: 31,051
2026-01-09 11:51:59,944 - StockPrediction - INFO - Iniciando treinamento...
2026-01-09 11:51:59,944 - StockPrediction - INFO - Épocas: 100, Paciência: 15, Batch Size: 32, Learning Rate: 0.001
2026-01-09 11:52:15,536 - StockPrediction - INFO - Treinamento concluído!
2026-01-09 11:52:15,537 - StockPrediction - INFO - Melhor val loss: 0.000489 (época 20)
2026-01-09 11:52:15,537 - StockPrediction - INFO - 
============================================================
2026-01-09 11:52:15,537 - StockPrediction - INFO - 5. OTIMIZAÇÃO DE HIPERPARÂMETROS (OPCIONAL)
2026-01-09 11:52:15,537 - StockPrediction - INFO - ============================================================
2026-01-09 11:56:26,017 - StockPrediction - INFO - Melhores hiperparâmetros encontrados:
2026-01-09 11:56:26,019 - StockPrediction - INFO -   hidden_size: 160
2026-01-09 11:56:26,020 - StockPrediction - INFO -   num_layers: 1
2026-01-09 11:56:26,021 - StockPrediction - INFO -   dropout: 0.19675736368748484
2026-01-09 11:56:26,022 - StockPrediction - INFO -   learning_rate: 0.004384461971113676
2026-01-09 11:56:26,023 - StockPrediction - INFO -   batch_size: 16
2026-01-09 11:56:26,024 - StockPrediction - INFO - 
============================================================
2026-01-09 11:56:26,027 - StockPrediction - INFO - 6. AVALIAÇÃO DO MODELO
2026-01-09 11:56:26,028 - StockPrediction - INFO - ============================================================
2026-01-09 11:56:26,076 - StockPrediction - INFO - 
============================================================
2026-01-09 11:56:26,083 - StockPrediction - INFO - 7. RESUMO FINAL
2026-01-09 11:56:26,088 - StockPrediction - INFO - ============================================================
2026-01-09 11:56:26,090 - StockPrediction - INFO - Pipeline executado com sucesso!
2026-01-09 11:56:26,098 - StockPrediction - INFO - Símbolo: PETR4.SA
2026-01-09 11:56:26,101 - StockPrediction - INFO - Período: 2018-01-02 a 2025-12-30
2026-01-09 11:56:26,105 - StockPrediction - INFO - Modelo: LSTM (31,051 parâmetros)
2026-01-09 11:56:26,114 - StockPrediction - INFO - MAE: R$ 0.57
2026-01-09 11:56:26,120 - StockPrediction - INFO - MAPE: 1.90%
2026-01-09 11:56:26,125 - StockPrediction - INFO - R²: 0.6315
2026-01-09 11:56:26,127 - StockPrediction - INFO - Acurácia Direcional: 0.00%
