2026-01-09 15:32:58,203 - StockPrediction - INFO - 
============================================================
2026-01-09 15:32:58,204 - StockPrediction - INFO - INÍCIO DO PIPELINE DE PREVISÃO
2026-01-09 15:32:58,204 - StockPrediction - INFO - ============================================================
2026-01-09 15:32:59,046 - StockPrediction - INFO - Dispositivo: cuda
2026-01-09 15:32:59,046 - StockPrediction - INFO - 
============================================================
2026-01-09 15:32:59,047 - StockPrediction - INFO - 1. COLETA DE DADOS
2026-01-09 15:32:59,047 - StockPrediction - INFO - ============================================================
2026-01-09 15:33:00,083 - StockPrediction - INFO - Símbolo: PETR4.SA
2026-01-09 15:33:00,084 - StockPrediction - INFO - Período: 2018-01-02 a 2025-12-30
2026-01-09 15:33:00,084 - StockPrediction - INFO - Total de dias: 1988
2026-01-09 15:33:00,084 - StockPrediction - INFO - Preço inicial: R$ 4.41
2026-01-09 15:33:00,085 - StockPrediction - INFO - Preço final: R$ 30.82
2026-01-09 15:33:00,085 - StockPrediction - INFO - Variação: 598.76%
2026-01-09 15:33:00,085 - StockPrediction - INFO - 
============================================================
2026-01-09 15:33:00,085 - StockPrediction - INFO - 2. PRÉ-PROCESSAMENTO
2026-01-09 15:33:00,085 - StockPrediction - INFO - ============================================================
2026-01-09 15:33:00,090 - StockPrediction - INFO - Sequências criadas: 1928
2026-01-09 15:33:00,091 - StockPrediction - INFO - Comprimento da sequência: 60 dias
2026-01-09 15:33:00,091 - StockPrediction - INFO - Formato de X: (1928, 60, 1)
2026-01-09 15:33:00,091 - StockPrediction - INFO - Formato de y: (1928, 1)
2026-01-09 15:33:00,091 - StockPrediction - INFO - Dados normalizados - Média: 0.3838, Desvio padrão: 0.3188
2026-01-09 15:33:00,092 - StockPrediction - INFO - 
============================================================
2026-01-09 15:33:00,092 - StockPrediction - INFO - 3. DIVISÃO DOS DADOS
2026-01-09 15:33:00,092 - StockPrediction - INFO - ============================================================
2026-01-09 15:33:00,092 - StockPrediction - INFO - TRAIN     : 1542 amostras (80.0%)
2026-01-09 15:33:00,092 - StockPrediction - INFO - VAL       :  192 amostras (10.0%)
2026-01-09 15:33:00,093 - StockPrediction - INFO - TEST      :  194 amostras (10.1%)
2026-01-09 15:33:00,107 - StockPrediction - INFO - 
============================================================
2026-01-09 15:33:00,108 - StockPrediction - INFO - 4. TREINAMENTO DO MODELO
2026-01-09 15:33:00,109 - StockPrediction - INFO - ============================================================
2026-01-09 15:33:03,332 - StockPrediction - INFO - Arquitetura: LSTM
2026-01-09 15:33:03,333 - StockPrediction - INFO - Tamanho da camada oculta: 50
2026-01-09 15:33:03,333 - StockPrediction - INFO - Número de camadas: 2
2026-01-09 15:33:03,333 - StockPrediction - INFO - Parâmetros totais: 31,051
2026-01-09 15:33:03,333 - StockPrediction - INFO - Parâmetros treináveis: 31,051
2026-01-09 15:33:06,340 - StockPrediction - INFO - Iniciando treinamento...
2026-01-09 15:33:06,340 - StockPrediction - INFO - Épocas: 100, Paciência: 15, Batch Size: 32, Learning Rate: 0.001
2026-01-09 15:33:47,136 - StockPrediction - INFO - Treinamento concluído!
2026-01-09 15:33:47,136 - StockPrediction - INFO - Melhor val loss: 0.000363 (época 66)
2026-01-09 15:33:47,136 - StockPrediction - INFO - 
============================================================
2026-01-09 15:33:47,136 - StockPrediction - INFO - 5. OTIMIZAÇÃO DE HIPERPARÂMETROS
2026-01-09 15:33:47,137 - StockPrediction - INFO - ============================================================
2026-01-09 15:38:12,906 - StockPrediction - INFO - Melhores hiperparâmetros encontrados:
2026-01-09 15:38:12,907 - StockPrediction - INFO -   hidden_size: 64
2026-01-09 15:38:12,908 - StockPrediction - INFO -   num_layers: 1
2026-01-09 15:38:12,908 - StockPrediction - INFO -   dropout: 0.46757779831641144
2026-01-09 15:38:12,909 - StockPrediction - INFO -   learning_rate: 0.006933229528988833
2026-01-09 15:38:12,910 - StockPrediction - INFO -   batch_size: 16
2026-01-09 15:38:12,915 - StockPrediction - INFO - 
============================================================
2026-01-09 15:38:12,918 - StockPrediction - INFO - 6. AVALIAÇÃO DO MODELO
2026-01-09 15:38:12,921 - StockPrediction - INFO - ============================================================
2026-01-09 15:38:12,975 - StockPrediction - INFO - 
============================================================
2026-01-09 15:38:12,976 - StockPrediction - INFO - 7. SALVAMENTO DO MODELO
2026-01-09 15:38:12,976 - StockPrediction - INFO - ============================================================
