2026-01-08 23:29:00,570 - StockPrediction - INFO - 
============================================================
2026-01-08 23:29:00,570 - StockPrediction - INFO - INÍCIO DO PIPELINE DE PREVISÃO
2026-01-08 23:29:00,571 - StockPrediction - INFO - ============================================================
2026-01-08 23:29:01,246 - StockPrediction - INFO - Dispositivo: cuda
2026-01-08 23:29:01,246 - StockPrediction - INFO - 
============================================================
2026-01-08 23:29:01,247 - StockPrediction - INFO - 1. COLETA DE DADOS
2026-01-08 23:29:01,247 - StockPrediction - INFO - ============================================================
2026-01-08 23:29:02,230 - StockPrediction - INFO - Símbolo: PETR4.SA
2026-01-08 23:29:02,233 - StockPrediction - INFO - Período: 2018-01-02 a 2025-12-30
2026-01-08 23:29:02,233 - StockPrediction - INFO - Total de dias: 1988
2026-01-08 23:29:02,234 - StockPrediction - INFO - Preço inicial: R$ 4.41
2026-01-08 23:29:02,234 - StockPrediction - INFO - Preço final: R$ 30.82
2026-01-08 23:29:02,234 - StockPrediction - INFO - Variação: 598.76%
2026-01-08 23:29:02,235 - StockPrediction - INFO - 
============================================================
2026-01-08 23:29:02,235 - StockPrediction - INFO - 2. PRÉ-PROCESSAMENTO
2026-01-08 23:29:02,235 - StockPrediction - INFO - ============================================================
2026-01-08 23:29:02,242 - StockPrediction - INFO - Sequências criadas: 1928
2026-01-08 23:29:02,242 - StockPrediction - INFO - Comprimento da sequência: 60 dias
2026-01-08 23:29:02,242 - StockPrediction - INFO - Formato de X: (1928, 60, 1)
2026-01-08 23:29:02,243 - StockPrediction - INFO - Formato de y: (1928, 1)
2026-01-08 23:29:02,243 - StockPrediction - INFO - Dados normalizados - Média: 0.3838, Desvio padrão: 0.3188
2026-01-08 23:29:02,243 - StockPrediction - INFO - 
============================================================
2026-01-08 23:29:02,244 - StockPrediction - INFO - 3. DIVISÃO DOS DADOS
2026-01-08 23:29:02,244 - StockPrediction - INFO - ============================================================
2026-01-08 23:29:02,244 - StockPrediction - INFO - TRAIN     : 1542 amostras (80.0%)
2026-01-08 23:29:02,245 - StockPrediction - INFO - VAL       :  192 amostras (10.0%)
2026-01-08 23:29:02,245 - StockPrediction - INFO - TEST      :  194 amostras (10.1%)
2026-01-08 23:29:02,249 - StockPrediction - INFO - 
============================================================
2026-01-08 23:29:02,250 - StockPrediction - INFO - 4. TREINAMENTO DO MODELO
2026-01-08 23:29:02,251 - StockPrediction - INFO - ============================================================
2026-01-08 23:29:06,579 - StockPrediction - INFO - Arquitetura: LSTM
2026-01-08 23:29:06,580 - StockPrediction - INFO - Tamanho da camada oculta: 50
2026-01-08 23:29:06,580 - StockPrediction - INFO - Número de camadas: 2
2026-01-08 23:29:06,581 - StockPrediction - INFO - Parâmetros totais: 31,051
2026-01-08 23:29:06,581 - StockPrediction - INFO - Parâmetros treináveis: 31,051
