2026-01-09 13:59:55,388 - StockPrediction - INFO - 
============================================================
2026-01-09 13:59:55,389 - StockPrediction - INFO - INÍCIO DO PIPELINE DE PREVISÃO
2026-01-09 13:59:55,389 - StockPrediction - INFO - ============================================================
2026-01-09 13:59:56,205 - StockPrediction - INFO - Dispositivo: cuda
2026-01-09 13:59:56,205 - StockPrediction - INFO - 
============================================================
2026-01-09 13:59:56,205 - StockPrediction - INFO - 1. COLETA DE DADOS
2026-01-09 13:59:56,205 - StockPrediction - INFO - ============================================================
2026-01-09 13:59:57,226 - StockPrediction - INFO - Símbolo: PETR4.SA
2026-01-09 13:59:57,229 - StockPrediction - INFO - Período: 2018-01-02 a 2025-12-30
2026-01-09 13:59:57,229 - StockPrediction - INFO - Total de dias: 1988
2026-01-09 13:59:57,229 - StockPrediction - INFO - Preço inicial: R$ 4.41
2026-01-09 13:59:57,229 - StockPrediction - INFO - Preço final: R$ 30.82
2026-01-09 13:59:57,230 - StockPrediction - INFO - Variação: 598.76%
2026-01-09 13:59:57,230 - StockPrediction - INFO - 
============================================================
2026-01-09 13:59:57,230 - StockPrediction - INFO - 2. PRÉ-PROCESSAMENTO
2026-01-09 13:59:57,230 - StockPrediction - INFO - ============================================================
2026-01-09 13:59:57,234 - StockPrediction - INFO - Sequências criadas: 1928
2026-01-09 13:59:57,234 - StockPrediction - INFO - Comprimento da sequência: 60 dias
2026-01-09 13:59:57,234 - StockPrediction - INFO - Formato de X: (1928, 60, 1)
2026-01-09 13:59:57,235 - StockPrediction - INFO - Formato de y: (1928, 1)
2026-01-09 13:59:57,235 - StockPrediction - INFO - Dados normalizados - Média: 0.3838, Desvio padrão: 0.3188
2026-01-09 13:59:57,235 - StockPrediction - INFO - 
============================================================
2026-01-09 13:59:57,235 - StockPrediction - INFO - 3. DIVISÃO DOS DADOS
2026-01-09 13:59:57,236 - StockPrediction - INFO - ============================================================
2026-01-09 13:59:57,236 - StockPrediction - INFO - TRAIN     : 1542 amostras (80.0%)
2026-01-09 13:59:57,236 - StockPrediction - INFO - VAL       :  192 amostras (10.0%)
2026-01-09 13:59:57,236 - StockPrediction - INFO - TEST      :  194 amostras (10.1%)
2026-01-09 13:59:57,239 - StockPrediction - INFO - 
============================================================
2026-01-09 13:59:57,239 - StockPrediction - INFO - 4. TREINAMENTO DO MODELO
2026-01-09 13:59:57,239 - StockPrediction - INFO - ============================================================
2026-01-09 14:00:00,590 - StockPrediction - INFO - Arquitetura: LSTM
2026-01-09 14:00:00,590 - StockPrediction - INFO - Tamanho da camada oculta: 50
2026-01-09 14:00:00,590 - StockPrediction - INFO - Número de camadas: 2
2026-01-09 14:00:00,590 - StockPrediction - INFO - Parâmetros totais: 31,051
2026-01-09 14:00:00,590 - StockPrediction - INFO - Parâmetros treináveis: 31,051
2026-01-09 14:00:02,008 - StockPrediction - INFO - Iniciando treinamento...
2026-01-09 14:00:02,009 - StockPrediction - INFO - Épocas: 100, Paciência: 15, Batch Size: 32, Learning Rate: 0.001
2026-01-09 14:00:20,517 - StockPrediction - INFO - Treinamento concluído!
2026-01-09 14:00:20,517 - StockPrediction - INFO - Melhor val loss: 0.000469 (época 53)
2026-01-09 14:00:20,517 - StockPrediction - INFO - 
============================================================
2026-01-09 14:00:20,518 - StockPrediction - INFO - 5. OTIMIZAÇÃO DE HIPERPARÂMETROS
2026-01-09 14:00:20,518 - StockPrediction - INFO - ============================================================
2026-01-09 14:07:45,913 - StockPrediction - INFO - Melhores hiperparâmetros encontrados:
2026-01-09 14:07:45,913 - StockPrediction - INFO -   hidden_size: 256
2026-01-09 14:07:45,914 - StockPrediction - INFO -   num_layers: 1
2026-01-09 14:07:45,914 - StockPrediction - INFO -   dropout: 0.18253507017971043
2026-01-09 14:07:45,915 - StockPrediction - INFO -   learning_rate: 0.0037772164321851595
2026-01-09 14:07:45,915 - StockPrediction - INFO -   batch_size: 32
2026-01-09 14:07:45,916 - StockPrediction - INFO - 
============================================================
2026-01-09 14:07:45,916 - StockPrediction - INFO - 6. AVALIAÇÃO DO MODELO
2026-01-09 14:07:45,916 - StockPrediction - INFO - ============================================================
2026-01-09 14:07:45,945 - StockPrediction - INFO - 
============================================================
2026-01-09 14:07:45,945 - StockPrediction - INFO - 7. SALVAMENTO DO MODELO
2026-01-09 14:07:45,946 - StockPrediction - INFO - ============================================================
2026-01-09 14:07:45,962 - StockPrediction - INFO - Modelo salvo: models/model_20260109_140745.pth
2026-01-09 14:07:45,962 - StockPrediction - INFO - Scaler salvo: models/scaler_20260109_140745.pkl
2026-01-09 14:07:45,963 - StockPrediction - INFO - 
============================================================
2026-01-09 14:07:45,963 - StockPrediction - INFO - 7. RESUMO FINAL
2026-01-09 14:07:45,963 - StockPrediction - INFO - ============================================================
2026-01-09 14:07:45,964 - StockPrediction - INFO - Pipeline executado com sucesso!
2026-01-09 14:07:45,964 - StockPrediction - INFO - Símbolo: PETR4.SA
2026-01-09 14:07:45,964 - StockPrediction - INFO - Período: 2018-01-02 a 2025-12-30
2026-01-09 14:07:45,965 - StockPrediction - INFO - Modelo: LSTM (31,051 parâmetros)
2026-01-09 14:07:45,965 - StockPrediction - INFO - MAE: R$ 0.56
2026-01-09 14:07:45,965 - StockPrediction - INFO - MAPE: 1.85%
2026-01-09 14:07:45,966 - StockPrediction - INFO - R²: 0.6424
