2026-01-08 23:30:54,135 - StockPrediction - INFO - 
============================================================
2026-01-08 23:30:54,135 - StockPrediction - INFO - INÍCIO DO PIPELINE DE PREVISÃO
2026-01-08 23:30:54,136 - StockPrediction - INFO - ============================================================
2026-01-08 23:30:54,943 - StockPrediction - INFO - Dispositivo: cuda
2026-01-08 23:30:54,944 - StockPrediction - INFO - 
============================================================
2026-01-08 23:30:54,945 - StockPrediction - INFO - 1. COLETA DE DADOS
2026-01-08 23:30:54,945 - StockPrediction - INFO - ============================================================
2026-01-08 23:30:56,070 - StockPrediction - INFO - Símbolo: PETR4.SA
2026-01-08 23:30:56,071 - StockPrediction - INFO - Período: 2018-01-02 a 2025-12-30
2026-01-08 23:30:56,071 - StockPrediction - INFO - Total de dias: 1988
2026-01-08 23:30:56,071 - StockPrediction - INFO - Preço inicial: R$ 4.41
2026-01-08 23:30:56,071 - StockPrediction - INFO - Preço final: R$ 30.82
2026-01-08 23:30:56,071 - StockPrediction - INFO - Variação: 598.76%
2026-01-08 23:30:56,072 - StockPrediction - INFO - 
============================================================
2026-01-08 23:30:56,072 - StockPrediction - INFO - 2. PRÉ-PROCESSAMENTO
2026-01-08 23:30:56,072 - StockPrediction - INFO - ============================================================
2026-01-08 23:30:56,078 - StockPrediction - INFO - Sequências criadas: 1928
2026-01-08 23:30:56,079 - StockPrediction - INFO - Comprimento da sequência: 60 dias
2026-01-08 23:30:56,079 - StockPrediction - INFO - Formato de X: (1928, 60, 1)
2026-01-08 23:30:56,079 - StockPrediction - INFO - Formato de y: (1928, 1)
2026-01-08 23:30:56,080 - StockPrediction - INFO - Dados normalizados - Média: 0.3838, Desvio padrão: 0.3188
2026-01-08 23:30:56,080 - StockPrediction - INFO - 
============================================================
2026-01-08 23:30:56,080 - StockPrediction - INFO - 3. DIVISÃO DOS DADOS
2026-01-08 23:30:56,080 - StockPrediction - INFO - ============================================================
2026-01-08 23:30:56,081 - StockPrediction - INFO - TRAIN     : 1542 amostras (80.0%)
2026-01-08 23:30:56,081 - StockPrediction - INFO - VAL       :  192 amostras (10.0%)
2026-01-08 23:30:56,081 - StockPrediction - INFO - TEST      :  194 amostras (10.1%)
2026-01-08 23:30:56,085 - StockPrediction - INFO - 
============================================================
2026-01-08 23:30:56,085 - StockPrediction - INFO - 4. TREINAMENTO DO MODELO
2026-01-08 23:30:56,085 - StockPrediction - INFO - ============================================================
2026-01-08 23:31:00,122 - StockPrediction - INFO - Arquitetura: LSTM
2026-01-08 23:31:00,122 - StockPrediction - INFO - Tamanho da camada oculta: 50
2026-01-08 23:31:00,123 - StockPrediction - INFO - Número de camadas: 2
2026-01-08 23:31:00,123 - StockPrediction - INFO - Parâmetros totais: 31,051
2026-01-08 23:31:00,123 - StockPrediction - INFO - Parâmetros treináveis: 31,051
2026-01-08 23:31:02,358 - StockPrediction - INFO - Iniciando treinamento...
2026-01-08 23:31:02,359 - StockPrediction - INFO - Épocas: 100, Paciência: 15, Batch Size: 32, Learning Rate: 0.001
2026-01-08 23:31:14,288 - StockPrediction - INFO - Treinamento concluído!
2026-01-08 23:31:14,289 - StockPrediction - INFO - Melhor val loss: 0.000514 (época 15)
2026-01-08 23:31:14,289 - StockPrediction - INFO - 
============================================================
2026-01-08 23:31:14,289 - StockPrediction - INFO - 5. OTIMIZAÇÃO DE HIPERPARÂMETROS (OPCIONAL)
2026-01-08 23:31:14,289 - StockPrediction - INFO - ============================================================
2026-01-08 23:35:11,845 - StockPrediction - INFO - Melhores hiperparâmetros encontrados:
2026-01-08 23:35:11,846 - StockPrediction - INFO -   hidden_size: 96
2026-01-08 23:35:11,846 - StockPrediction - INFO -   num_layers: 2
2026-01-08 23:35:11,846 - StockPrediction - INFO -   dropout: 0.26450489104671093
2026-01-08 23:35:11,847 - StockPrediction - INFO -   learning_rate: 0.003215455701698996
2026-01-08 23:35:11,847 - StockPrediction - INFO -   batch_size: 16
2026-01-08 23:35:11,847 - StockPrediction - INFO - 
============================================================
2026-01-08 23:35:11,848 - StockPrediction - INFO - 6. AVALIAÇÃO DO MODELO
2026-01-08 23:35:11,848 - StockPrediction - INFO - ============================================================
2026-01-08 23:35:11,873 - StockPrediction - INFO - Resultados salvos em: outputs/results\results_20260108_233511.json
2026-01-08 23:35:11,874 - StockPrediction - INFO - 
============================================================
2026-01-08 23:35:11,874 - StockPrediction - INFO - 7. RESUMO FINAL
2026-01-08 23:35:11,874 - StockPrediction - INFO - ============================================================
2026-01-08 23:35:11,875 - StockPrediction - INFO - Pipeline executado com sucesso!
2026-01-08 23:35:11,875 - StockPrediction - INFO - Símbolo: PETR4.SA
2026-01-08 23:35:11,875 - StockPrediction - INFO - Período: 2018-01-02 a 2025-12-30
2026-01-08 23:35:11,875 - StockPrediction - INFO - Modelo: LSTM (31,051 parâmetros)
2026-01-08 23:35:11,876 - StockPrediction - INFO - MAE: R$ 0.57
2026-01-08 23:35:11,876 - StockPrediction - INFO - MAPE: 1.90%
2026-01-08 23:35:11,876 - StockPrediction - INFO - R²: 0.6291
2026-01-08 23:35:11,877 - StockPrediction - INFO - Acurácia Direcional: 45.08%
2026-01-08 23:35:11,877 - StockPrediction - INFO - Resultados salvos em: outputs/results\results_20260108_233511.json
