2026-01-09 16:06:55,224 - StockPrediction - INFO - 
============================================================
2026-01-09 16:06:55,225 - StockPrediction - INFO - INÍCIO DO PIPELINE DE PREVISÃO
2026-01-09 16:06:55,225 - StockPrediction - INFO - ============================================================
2026-01-09 16:06:56,063 - StockPrediction - INFO - Dispositivo: cuda
2026-01-09 16:06:56,064 - StockPrediction - INFO - 
============================================================
2026-01-09 16:06:56,064 - StockPrediction - INFO - 1. COLETA DE DADOS
2026-01-09 16:06:56,064 - StockPrediction - INFO - ============================================================
2026-01-09 16:06:57,052 - StockPrediction - INFO - Símbolo: PETR4.SA
2026-01-09 16:06:57,056 - StockPrediction - INFO - Período: 2018-01-02 a 2025-12-30
2026-01-09 16:06:57,057 - StockPrediction - INFO - Total de dias: 1988
2026-01-09 16:06:57,057 - StockPrediction - INFO - Preço inicial: R$ 4.41
2026-01-09 16:06:57,058 - StockPrediction - INFO - Preço final: R$ 30.82
2026-01-09 16:06:57,058 - StockPrediction - INFO - Variação: 598.76%
2026-01-09 16:06:57,058 - StockPrediction - INFO - 
============================================================
2026-01-09 16:06:57,059 - StockPrediction - INFO - 2. PRÉ-PROCESSAMENTO
2026-01-09 16:06:57,059 - StockPrediction - INFO - ============================================================
2026-01-09 16:06:57,067 - StockPrediction - INFO - Sequências criadas: 1928
2026-01-09 16:06:57,068 - StockPrediction - INFO - Comprimento da sequência: 60 dias
2026-01-09 16:06:57,068 - StockPrediction - INFO - Formato de X: (1928, 60, 1)
2026-01-09 16:06:57,069 - StockPrediction - INFO - Formato de y: (1928, 1)
2026-01-09 16:06:57,070 - StockPrediction - INFO - Dados normalizados - Média: 0.3838, Desvio padrão: 0.3188
2026-01-09 16:06:57,070 - StockPrediction - INFO - 
============================================================
2026-01-09 16:06:57,071 - StockPrediction - INFO - 3. DIVISÃO DOS DADOS
2026-01-09 16:06:57,071 - StockPrediction - INFO - ============================================================
2026-01-09 16:06:57,072 - StockPrediction - INFO - TRAIN     : 1542 amostras (80.0%)
2026-01-09 16:06:57,073 - StockPrediction - INFO - VAL       :  192 amostras (10.0%)
2026-01-09 16:06:57,074 - StockPrediction - INFO - TEST      :  194 amostras (10.1%)
2026-01-09 16:06:57,081 - StockPrediction - INFO - 
============================================================
2026-01-09 16:06:57,082 - StockPrediction - INFO - 4. TREINAMENTO DO MODELO
2026-01-09 16:06:57,083 - StockPrediction - INFO - ============================================================
2026-01-09 16:06:59,791 - StockPrediction - INFO - Arquitetura: LSTM
2026-01-09 16:06:59,792 - StockPrediction - INFO - Tamanho da camada oculta: 50
2026-01-09 16:06:59,792 - StockPrediction - INFO - Número de camadas: 2
2026-01-09 16:06:59,792 - StockPrediction - INFO - Parâmetros totais: 31,051
2026-01-09 16:06:59,792 - StockPrediction - INFO - Parâmetros treináveis: 31,051
2026-01-09 16:07:02,005 - StockPrediction - INFO - Iniciando treinamento...
2026-01-09 16:07:02,005 - StockPrediction - INFO - Épocas: 100, Paciência: 15, Batch Size: 32, Learning Rate: 0.001
2026-01-09 16:07:29,675 - StockPrediction - INFO - Treinamento concluído!
2026-01-09 16:07:29,675 - StockPrediction - INFO - Melhor val loss: 0.000401 (época 41)
2026-01-09 16:07:29,676 - StockPrediction - INFO - 
============================================================
2026-01-09 16:07:29,676 - StockPrediction - INFO - 5. OTIMIZAÇÃO DE HIPERPARÂMETROS
2026-01-09 16:07:29,677 - StockPrediction - INFO - ============================================================
2026-01-09 16:21:09,798 - StockPrediction - INFO - Melhores hiperparâmetros encontrados:
2026-01-09 16:21:09,799 - StockPrediction - INFO -   hidden_size: 192
2026-01-09 16:21:09,799 - StockPrediction - INFO -   num_layers: 2
2026-01-09 16:21:09,799 - StockPrediction - INFO -   dropout: 0.3108065855106127
2026-01-09 16:21:09,800 - StockPrediction - INFO -   learning_rate: 0.007999284775071488
2026-01-09 16:21:09,800 - StockPrediction - INFO -   batch_size: 16
2026-01-09 16:21:09,800 - StockPrediction - INFO - 
============================================================
2026-01-09 16:21:09,800 - StockPrediction - INFO - 6. AVALIAÇÃO DO MODELO
2026-01-09 16:21:09,801 - StockPrediction - INFO - ============================================================
2026-01-09 16:21:09,835 - StockPrediction - INFO - 
============================================================
2026-01-09 16:21:09,836 - StockPrediction - INFO - 7. SALVAMENTO DO MODELO
2026-01-09 16:21:09,836 - StockPrediction - INFO - ============================================================
2026-01-09 16:21:09,848 - StockPrediction - INFO - Modelo salvo: models/model_20260109_162109.pth
2026-01-09 16:21:09,848 - StockPrediction - INFO - Scaler salvo: models/scaler_20260109_162109.pkl
2026-01-09 16:21:09,849 - StockPrediction - INFO - 
============================================================
2026-01-09 16:21:09,850 - StockPrediction - INFO - 7. RESUMO FINAL
2026-01-09 16:21:09,850 - StockPrediction - INFO - ============================================================
2026-01-09 16:21:09,850 - StockPrediction - INFO - Pipeline executado com sucesso!
2026-01-09 16:21:09,851 - StockPrediction - INFO - Símbolo: PETR4.SA
2026-01-09 16:21:09,851 - StockPrediction - INFO - Período: 2018-01-02 a 2025-12-30
2026-01-09 16:21:09,851 - StockPrediction - INFO - Modelo: LSTM (31,051 parâmetros)
2026-01-09 16:21:09,852 - StockPrediction - INFO - MAE: R$ 0.50
2026-01-09 16:21:09,852 - StockPrediction - INFO - MAPE: 1.65%
2026-01-09 16:21:09,852 - StockPrediction - INFO - R²: 0.7127
